<?xml version="1.0" encoding="UTF-8"?>
<!-- Generated by org.testng.reporters.JUnitReportReporter -->
<testsuite skipped="0" hostname="Aaas-MacBook-Pro.local" name="com.liseinfotech.gorestApiTest.GorestApiTest" tests="17" failures="0" timestamp="2022-04-23T00:35:40 IST" time="20.540" errors="0">
  <testcase name="createUserThroughPost" time="3.817" classname="com.liseinfotech.gorestApiTest.GorestApiTest"/>
  <system-out/>
  <testcase name="getUserByUserId" time="1.367" classname="com.liseinfotech.gorestApiTest.GorestApiTest"/>
  <system-out/>
  <testcase name="updateUserByUserId" time="1.495" classname="com.liseinfotech.gorestApiTest.GorestApiTest"/>
  <system-out/>
  <testcase name="deleteUserByUserId" time="0.916" classname="com.liseinfotech.gorestApiTest.GorestApiTest"/>
  <system-out/>
  <testcase name="invalidRequestThroughUsers" time="0.877" classname="com.liseinfotech.gorestApiTest.GorestApiTest"/>
  <system-out/>
  <testcase name="postsNewUser" time="0.788" classname="com.liseinfotech.gorestApiTest.GorestApiTest"/>
  <system-out/>
  <testcase name="getPostsById" time="1.297" classname="com.liseinfotech.gorestApiTest.GorestApiTest"/>
  <system-out/>
  <testcase name="updatePostsById" time="1.245" classname="com.liseinfotech.gorestApiTest.GorestApiTest"/>
  <system-out/>
  <testcase name="deletePostsById" time="0.917" classname="com.liseinfotech.gorestApiTest.GorestApiTest"/>
  <system-out/>
  <testcase name="commentsOnNewUser" time="0.789" classname="com.liseinfotech.gorestApiTest.GorestApiTest"/>
  <system-out/>
  <testcase name="getCommentsByUserId" time="1.186" classname="com.liseinfotech.gorestApiTest.GorestApiTest"/>
  <system-out/>
  <testcase name="updateCommentsByUserId" time="1.147" classname="com.liseinfotech.gorestApiTest.GorestApiTest"/>
  <system-out/>
  <testcase name="deleteCommentsByUserId" time="0.782" classname="com.liseinfotech.gorestApiTest.GorestApiTest"/>
  <system-out/>
  <testcase name="todosNewUser" time="0.750" classname="com.liseinfotech.gorestApiTest.GorestApiTest"/>
  <system-out/>
  <testcase name="getTodosUserById" time="1.218" classname="com.liseinfotech.gorestApiTest.GorestApiTest"/>
  <system-out/>
  <testcase name="updateTodosUserById" time="1.211" classname="com.liseinfotech.gorestApiTest.GorestApiTest"/>
  <system-out/>
  <testcase name="deleteTodosUserById" time="0.738" classname="com.liseinfotech.gorestApiTest.GorestApiTest"/>
  <system-out/>
</testsuite> <!-- com.liseinfotech.gorestApiTest.GorestApiTest -->
