<?xml version="1.0" encoding="UTF-8"?>
<!-- Generated by org.testng.reporters.JUnitReportReporter -->
<testsuite skipped="0" hostname="Aaas-MacBook-Pro.local" name="com.liseinfotech.gorestApiTest.GorestApiTest" tests="2" failures="0" timestamp="2022-04-16T00:11:56 IST" time="4.181" errors="0">
  <testcase name="getUserDetails" time="2.443" classname="com.liseinfotech.gorestApiTest.GorestApiTest"/>
  <system-out/>
  <testcase name="postCreateNewUser" time="1.738" classname="com.liseinfotech.gorestApiTest.GorestApiTest"/>
  <system-out/>
</testsuite> <!-- com.liseinfotech.gorestApiTest.GorestApiTest -->
