<?xml version="1.0" encoding="UTF-8"?>
<!-- Generated by org.testng.reporters.JUnitReportReporter -->
<testsuite skipped="0" hostname="Aaas-MacBook-Pro.local" name="com.liseinfotech.gorestApiTest.GorestApiTest" tests="2" failures="0" timestamp="2022-04-16T00:13:04 IST" time="6.234" errors="0">
  <testcase name="getUserDetails" time="3.558" classname="com.liseinfotech.gorestApiTest.GorestApiTest"/>
  <system-out/>
  <testcase name="postCreateNewUser" time="2.676" classname="com.liseinfotech.gorestApiTest.GorestApiTest"/>
  <system-out/>
</testsuite> <!-- com.liseinfotech.gorestApiTest.GorestApiTest -->
